<?xml version="1.0" encoding="UTF-8" ?>
<testsuite tests="1" failures="1" name="com.karate.openwhisk.smoketests.SmokeTestRunner" time="13.262" errors="0" skipped="0">
  <properties>
    <property name="test_user_ns" value="bladerunner-test"/>
    <property name="java.runtime.name" value="Java(TM) SE Runtime Environment"/>
    <property name="sun.boot.library.path" value="/Library/Java/JavaVirtualMachines/jdk1.8.0_131.jdk/Contents/Home/jre/lib"/>
    <property name="java.vm.version" value="25.131-b11"/>
    <property name="user.country.format" value="IN"/>
    <property name="gopherProxySet" value="false"/>
    <property name="java.vm.vendor" value="Oracle Corporation"/>
    <property name="maven.multiModuleProjectDirectory" value="/Users/rtripath/repo/OPENWHISK-KARATE/ow-karate"/>
    <property name="java.vendor.url" value="http://java.oracle.com/"/>
    <property name="path.separator" value=":"/>
    <property name="guice.disable.misplaced.annotation.check" value="true"/>
    <property name="java.vm.name" value="Java HotSpot(TM) 64-Bit Server VM"/>
    <property name="file.encoding.pkg" value="sun.io"/>
    <property name="user.country" value="US"/>
    <property name="sun.java.launcher" value="SUN_STANDARD"/>
    <property name="sun.os.patch.level" value="unknown"/>
    <property name="test" value="com.karate.openwhisk.smoketests.SmokeTestRunner"/>
    <property name="java.vm.specification.name" value="Java Virtual Machine Specification"/>
    <property name="user.dir" value="/Users/rtripath/repo/OPENWHISK-KARATE/ow-karate"/>
    <property name="java.runtime.version" value="1.8.0_131-b11"/>
    <property name="java.awt.graphicsenv" value="sun.awt.CGraphicsEnvironment"/>
    <property name="java.endorsed.dirs" value="/Library/Java/JavaVirtualMachines/jdk1.8.0_131.jdk/Contents/Home/jre/lib/endorsed"/>
    <property name="os.arch" value="x86_64"/>
    <property name="java.io.tmpdir" value="/var/folders/67/j8gk40xs7d32gql5b4ny820r0000gn/T/"/>
    <property name="line.separator" value="
"/>
    <property name="adminbaseurl" value="https://3678a12b-fc64-4cef-ab97-d7b28c77fbe1-bluemix.cloudant.com:443"/>
    <property name="java.vm.specification.vendor" value="Oracle Corporation"/>
    <property name="os.name" value="Mac OS X"/>
    <property name="classworlds.conf" value="/usr/local/Cellar/maven/3.5.3/libexec/bin/m2.conf"/>
    <property name="baseurl" value="https://controller-a-rtbeta-ue1-a.adobe-runtime.com"/>
    <property name="sun.jnu.encoding" value="UTF-8"/>
    <property name="java.library.path" value="/Users/rtripath/Library/Java/Extensions:/Library/Java/Extensions:/Network/Library/Java/Extensions:/System/Library/Java/Extensions:/usr/lib/java:."/>
    <property name="maven.conf" value="/usr/local/Cellar/maven/3.5.3/libexec/conf"/>
    <property name="java.specification.name" value="Java Platform API Specification"/>
    <property name="java.class.version" value="52.0"/>
    <property name="sun.management.compiler" value="HotSpot 64-Bit Tiered Compilers"/>
    <property name="os.version" value="10.13.4"/>
    <property name="http.nonProxyHosts" value="local|*.local|169.254/16|*.169.254/16"/>
    <property name="library.jansi.path" value="/usr/local/Cellar/maven/3.5.3/libexec/lib/jansi-native"/>
    <property name="user.home" value="/Users/rtripath"/>
    <property name="user.timezone" value="Asia/Kolkata"/>
    <property name="java.awt.printerjob" value="sun.lwawt.macosx.CPrinterJob"/>
    <property name="java.specification.version" value="1.8"/>
    <property name="file.encoding" value="UTF-8"/>
    <property name="user.name" value="rtripath"/>
    <property name="java.class.path" value="/usr/local/Cellar/maven/3.5.3/libexec/boot/plexus-classworlds-2.5.2.jar"/>
    <property name="java.vm.specification.version" value="1.8"/>
    <property name="sun.arch.data.model" value="64"/>
    <property name="java.home" value="/Library/Java/JavaVirtualMachines/jdk1.8.0_131.jdk/Contents/Home/jre"/>
    <property name="sun.java.command" value="org.codehaus.plexus.classworlds.launcher.Launcher test -Dbaseurl=https://controller-a-rtbeta-ue1-a.adobe-runtime.com -Dtest_user_ns=bladerunner-test -Dadminbaseurl=https://3678a12b-fc64-4cef-ab97-d7b28c77fbe1-bluemix.cloudant.com:443 -Dadminauth=MzY3OGExMmItZmM2NC00Y2VmLWFiOTctZDdiMjhjNzdmYmUxLWJsdWVtaXg6MjMzMjc0NDk5Yjk5NmZiMzlhZTRlODNlMzMyOWZjMzVjYjVjMTk0MzU0ZjMwYzQ5YjE5NWU5N2Q0NjU1YzE3NQ== -Dtest=com.karate.openwhisk.smoketests.SmokeTestRunner"/>
    <property name="java.specification.vendor" value="Oracle Corporation"/>
    <property name="user.language" value="en"/>
    <property name="awt.toolkit" value="sun.lwawt.macosx.LWCToolkit"/>
    <property name="java.vm.info" value="mixed mode"/>
    <property name="java.version" value="1.8.0_131"/>
    <property name="java.ext.dirs" value="/Users/rtripath/Library/Java/Extensions:/Library/Java/JavaVirtualMachines/jdk1.8.0_131.jdk/Contents/Home/jre/lib/ext:/Library/Java/Extensions:/Network/Library/Java/Extensions:/System/Library/Java/Extensions:/usr/lib/java"/>
    <property name="sun.boot.class.path" value="/Library/Java/JavaVirtualMachines/jdk1.8.0_131.jdk/Contents/Home/jre/lib/resources.jar:/Library/Java/JavaVirtualMachines/jdk1.8.0_131.jdk/Contents/Home/jre/lib/rt.jar:/Library/Java/JavaVirtualMachines/jdk1.8.0_131.jdk/Contents/Home/jre/lib/sunrsasign.jar:/Library/Java/JavaVirtualMachines/jdk1.8.0_131.jdk/Contents/Home/jre/lib/jsse.jar:/Library/Java/JavaVirtualMachines/jdk1.8.0_131.jdk/Contents/Home/jre/lib/jce.jar:/Library/Java/JavaVirtualMachines/jdk1.8.0_131.jdk/Contents/Home/jre/lib/charsets.jar:/Library/Java/JavaVirtualMachines/jdk1.8.0_131.jdk/Contents/Home/jre/lib/jfr.jar:/Library/Java/JavaVirtualMachines/jdk1.8.0_131.jdk/Contents/Home/jre/classes"/>
    <property name="java.vendor" value="Oracle Corporation"/>
    <property name="maven.home" value="/usr/local/Cellar/maven/3.5.3/libexec"/>
    <property name="adminauth" value="MzY3OGExMmItZmM2NC00Y2VmLWFiOTctZDdiMjhjNzdmYmUxLWJsdWVtaXg6MjMzMjc0NDk5Yjk5NmZiMzlhZTRlODNlMzMyOWZjMzVjYjVjMTk0MzU0ZjMwYzQ5YjE5NWU5N2Q0NjU1YzE3NQ=="/>
    <property name="file.separator" value="/"/>
    <property name="java.vendor.url.bug" value="http://bugreport.sun.com/bugreport/"/>
    <property name="sun.cpu.endian" value="little"/>
    <property name="sun.io.unicode.encoding" value="UnicodeBig"/>
    <property name="socksNonProxyHosts" value="local|*.local|169.254/16|*.169.254/16"/>
    <property name="ftp.nonProxyHosts" value="local|*.local|169.254/16|*.169.254/16"/>
    <property name="sun.cpu.isalist" value=""/>
  </properties>
  <testcase classname="com.karate.openwhisk.smoketests.SmokeTestRunner" name="testwskFunctions" time="13.262">
    <failure message="there are scenario failures" type="java.lang.AssertionError">java.lang.AssertionError: there are scenario failures
	at org.junit.Assert.fail(Assert.java:88)
	at org.junit.Assert.assertTrue(Assert.java:41)
	at com.karate.openwhisk.smoketests.SmokeTestRunner.testwskFunctions(SmokeTestRunner.java:50)
	at sun.reflect.NativeMethodAccessorImpl.invoke0(Native Method)
	at sun.reflect.NativeMethodAccessorImpl.invoke(NativeMethodAccessorImpl.java:62)
	at sun.reflect.DelegatingMethodAccessorImpl.invoke(DelegatingMethodAccessorImpl.java:43)
	at java.lang.reflect.Method.invoke(Method.java:498)
	at org.junit.runners.model.FrameworkMethod$1.runReflectiveCall(FrameworkMethod.java:50)
	at org.junit.internal.runners.model.ReflectiveCallable.run(ReflectiveCallable.java:12)
	at org.junit.runners.model.FrameworkMethod.invokeExplosively(FrameworkMethod.java:47)
	at org.junit.internal.runners.statements.InvokeMethod.evaluate(InvokeMethod.java:17)
	at org.junit.runners.ParentRunner.runLeaf(ParentRunner.java:325)
	at org.junit.runners.BlockJUnit4ClassRunner.runChild(BlockJUnit4ClassRunner.java:78)
	at org.junit.runners.BlockJUnit4ClassRunner.runChild(BlockJUnit4ClassRunner.java:57)
	at org.junit.runners.ParentRunner$3.run(ParentRunner.java:290)
	at org.junit.runners.ParentRunner$1.schedule(ParentRunner.java:71)
	at org.junit.runners.ParentRunner.runChildren(ParentRunner.java:288)
	at org.junit.runners.ParentRunner.access$000(ParentRunner.java:58)
	at org.junit.runners.ParentRunner$2.evaluate(ParentRunner.java:268)
	at org.junit.runners.ParentRunner.run(ParentRunner.java:363)
	at org.apache.maven.surefire.junit4.JUnit4Provider.execute(JUnit4Provider.java:252)
	at org.apache.maven.surefire.junit4.JUnit4Provider.executeTestSet(JUnit4Provider.java:141)
	at org.apache.maven.surefire.junit4.JUnit4Provider.invoke(JUnit4Provider.java:112)
	at sun.reflect.NativeMethodAccessorImpl.invoke0(Native Method)
	at sun.reflect.NativeMethodAccessorImpl.invoke(NativeMethodAccessorImpl.java:62)
	at sun.reflect.DelegatingMethodAccessorImpl.invoke(DelegatingMethodAccessorImpl.java:43)
	at java.lang.reflect.Method.invoke(Method.java:498)
	at org.apache.maven.surefire.util.ReflectionUtils.invokeMethodWithArray(ReflectionUtils.java:189)
	at org.apache.maven.surefire.booter.ProviderFactory$ProviderProxy.invoke(ProviderFactory.java:165)
	at org.apache.maven.surefire.booter.ProviderFactory.invokeProvider(ProviderFactory.java:85)
	at org.apache.maven.surefire.booter.ForkedBooter.runSuitesInProcess(ForkedBooter.java:115)
	at org.apache.maven.surefire.booter.ForkedBooter.main(ForkedBooter.java:75)
</failure>
    <system-out>13:46:44.575 [main] INFO  c.i.karate.cucumber.CucumberRunner - Karate version: 0.8.0.1
13:46:45.421 [pool-1-thread-1] INFO  com.intuit.karate - karate.env system property was: null 
13:46:45.741 [pool-1-thread-1] INFO  com.intuit.karate - [print] Start
13:46:45.754 [pool-1-thread-1] INFO  com.intuit.karate - &gt;&gt; lock acquired, begin callSingle: classpath:com/karate/openwhisk/wskadmin/get-user.feature
13:46:45.790 [pool-1-thread-1] INFO  com.intuit.karate - [print] I am here in get-user
13:46:45.932 [pool-1-thread-1] DEBUG com.intuit.karate - request:
1 &gt; GET https://3678a12b-fc64-4cef-ab97-d7b28c77fbe1-bluemix.cloudant.com:443/whisk_dev_subjects/bladerunner-test
1 &gt; Accept-Encoding: gzip,deflate
1 &gt; Authorization: Basic MzY3OGExMmItZmM2NC00Y2VmLWFiOTctZDdiMjhjNzdmYmUxLWJsdWVtaXg6MjMzMjc0NDk5Yjk5NmZiMzlhZTRlODNlMzMyOWZjMzVjYjVjMTk0MzU0ZjMwYzQ5YjE5NWU5N2Q0NjU1YzE3NQ==
1 &gt; Connection: Keep-Alive
1 &gt; Content-Type: application/json
1 &gt; Host: 3678a12b-fc64-4cef-ab97-d7b28c77fbe1-bluemix.cloudant.com:443
1 &gt; User-Agent: Apache-HttpClient/4.5.5 (Java/1.8.0_131)

13:46:47.150 [pool-1-thread-1] DEBUG com.intuit.karate - response time in milliseconds: 1217
1 &lt; 404
1 &lt; Cache-Control: must-revalidate
1 &lt; Content-Length: 41
1 &lt; Content-Type: application/json
1 &lt; Date: Mon, 27 Aug 2018 08:16:46 GMT
1 &lt; Server: CouchDB/2.1.1 (Erlang OTP/17)
1 &lt; Strict-Transport-Security: max-age=31536000
1 &lt; Via: 1.1 lb1.bm-cc-us-south-02 (Glum/1.63.0)
1 &lt; X-Cloudant-Backend: bm-cc-us-south-02
1 &lt; X-Cloudant-Request-Class: lookup
1 &lt; X-Content-Type-Options: nosniff
1 &lt; X-Couch-Request-ID: ba0f1adf96
1 &lt; X-Frame-Options: DENY
{&quot;error&quot;:&quot;not_found&quot;,&quot;reason&quot;:&quot;missing&quot;}


13:46:47.195 [pool-1-thread-1] ERROR com.intuit.karate - status code was: 404, expected: 200, response time: 1217, url: https://3678a12b-fc64-4cef-ab97-d7b28c77fbe1-bluemix.cloudant.com:443/whisk_dev_subjects/bladerunner-test, response: {&quot;error&quot;:&quot;not_found&quot;,&quot;reason&quot;:&quot;missing&quot;}
13:46:47.196 [pool-1-thread-1] ERROR com.intuit.karate - feature call failed: classpath:com/karate/openwhisk/wskadmin/get-user.feature
arg: null

status code was: 404, expected: 200, response time: 1217, url: https://3678a12b-fc64-4cef-ab97-d7b28c77fbe1-bluemix.cloudant.com:443/whisk_dev_subjects/bladerunner-test, response: {&quot;error&quot;:&quot;not_found&quot;,&quot;reason&quot;:&quot;missing&quot;}
13:46:47.197 [pool-1-thread-1] ERROR com.intuit.karate - feature call failed: classpath:com/karate/openwhisk/utils/get-auth.feature
arg: null

javascript evaluation failed: if (!test_user_key)
{
var getNSCreds = karate.callSingle(&apos;classpath:com/karate/openwhisk/wskadmin/get-user.feature&apos;);
var test=getNSCreds.Auth; 
karate.set(&apos;authFunction&apos;,  &apos;Basic &apos;+getNSCreds.Auth);
karate.set(&apos;guid&apos;, getNSCreds.uuid[0]);
}   
else
{
var getGUID = base64decoding(test_user_key); 
karate.set(&apos;authFunction&apos; , &apos;Basic &apos;+test_user_key);
karate.set(&apos;guid&apos; , getGUID);
karate.log(&apos;I am here&apos;);
karate.log(getGUID);
}, 

status code was: 404, expected: 200, response time: 1217, url: https://3678a12b-fc64-4cef-ab97-d7b28c77fbe1-bluemix.cloudant.com:443/whisk_dev_subjects/bladerunner-test, response: {&quot;error&quot;:&quot;not_found&quot;,&quot;reason&quot;:&quot;missing&quot;}
13:46:47.204 [pool-1-thread-1] INFO  c.i.karate.cucumber.CucumberRunner - &lt;&lt;&lt;&lt; feature 1 of 5 on thread pool-1-thread-1: com/karate/openwhisk/smoketests/TC01_SmokeTest_WSKFunctions.feature
---------------------------------------------------------
feature: com.karate.openwhisk.smoketests.TC01_SmokeTest_WSKFunctions
report: target/surefire-reports/TEST-com.karate.openwhisk.smoketests.TC01_SmokeTest_WSKFunctions.xml
scenarios:  1 | failed:  1 | skipped:  0 | time: 2.44
---------------------------------------------------------
13:46:47.479 [pool-1-thread-1] INFO  com.intuit.karate - karate.env system property was: null 
13:46:47.579 [pool-1-thread-1] INFO  com.intuit.karate - [print] Start
13:46:47.580 [pool-1-thread-1] INFO  com.intuit.karate - &gt;&gt; lock acquired, begin callSingle: classpath:com/karate/openwhisk/wskadmin/get-user.feature
13:46:47.596 [pool-1-thread-1] INFO  com.intuit.karate - [print] I am here in get-user
13:46:47.603 [pool-1-thread-1] DEBUG com.intuit.karate - request:
1 &gt; GET https://3678a12b-fc64-4cef-ab97-d7b28c77fbe1-bluemix.cloudant.com:443/whisk_dev_subjects/bladerunner-test
1 &gt; Accept-Encoding: gzip,deflate
1 &gt; Authorization: Basic MzY3OGExMmItZmM2NC00Y2VmLWFiOTctZDdiMjhjNzdmYmUxLWJsdWVtaXg6MjMzMjc0NDk5Yjk5NmZiMzlhZTRlODNlMzMyOWZjMzVjYjVjMTk0MzU0ZjMwYzQ5YjE5NWU5N2Q0NjU1YzE3NQ==
1 &gt; Connection: Keep-Alive
1 &gt; Content-Type: application/json
1 &gt; Host: 3678a12b-fc64-4cef-ab97-d7b28c77fbe1-bluemix.cloudant.com:443
1 &gt; User-Agent: Apache-HttpClient/4.5.5 (Java/1.8.0_131)

13:46:48.765 [pool-1-thread-1] DEBUG com.intuit.karate - response time in milliseconds: 1161
1 &lt; 404
1 &lt; Cache-Control: must-revalidate
1 &lt; Content-Length: 41
1 &lt; Content-Type: application/json
1 &lt; Date: Mon, 27 Aug 2018 08:16:48 GMT
1 &lt; Server: CouchDB/2.1.1 (Erlang OTP/17)
1 &lt; Strict-Transport-Security: max-age=31536000
1 &lt; Via: 1.1 lb1.bm-cc-us-south-02 (Glum/1.63.0)
1 &lt; X-Cloudant-Backend: bm-cc-us-south-02
1 &lt; X-Cloudant-Request-Class: lookup
1 &lt; X-Content-Type-Options: nosniff
1 &lt; X-Couch-Request-ID: 49fd82b686
1 &lt; X-Frame-Options: DENY
{&quot;error&quot;:&quot;not_found&quot;,&quot;reason&quot;:&quot;missing&quot;}


13:46:48.766 [pool-1-thread-1] ERROR com.intuit.karate - status code was: 404, expected: 200, response time: 1161, url: https://3678a12b-fc64-4cef-ab97-d7b28c77fbe1-bluemix.cloudant.com:443/whisk_dev_subjects/bladerunner-test, response: {&quot;error&quot;:&quot;not_found&quot;,&quot;reason&quot;:&quot;missing&quot;}
13:46:48.767 [pool-1-thread-1] ERROR com.intuit.karate - feature call failed: classpath:com/karate/openwhisk/wskadmin/get-user.feature
arg: null

status code was: 404, expected: 200, response time: 1161, url: https://3678a12b-fc64-4cef-ab97-d7b28c77fbe1-bluemix.cloudant.com:443/whisk_dev_subjects/bladerunner-test, response: {&quot;error&quot;:&quot;not_found&quot;,&quot;reason&quot;:&quot;missing&quot;}
13:46:48.768 [pool-1-thread-1] ERROR com.intuit.karate - feature call failed: classpath:com/karate/openwhisk/utils/get-auth.feature
arg: null

javascript evaluation failed: if (!test_user_key)
{
var getNSCreds = karate.callSingle(&apos;classpath:com/karate/openwhisk/wskadmin/get-user.feature&apos;);
var test=getNSCreds.Auth; 
karate.set(&apos;authFunction&apos;,  &apos;Basic &apos;+getNSCreds.Auth);
karate.set(&apos;guid&apos;, getNSCreds.uuid[0]);
}   
else
{
var getGUID = base64decoding(test_user_key); 
karate.set(&apos;authFunction&apos; , &apos;Basic &apos;+test_user_key);
karate.set(&apos;guid&apos; , getGUID);
karate.log(&apos;I am here&apos;);
karate.log(getGUID);
}, 

status code was: 404, expected: 200, response time: 1161, url: https://3678a12b-fc64-4cef-ab97-d7b28c77fbe1-bluemix.cloudant.com:443/whisk_dev_subjects/bladerunner-test, response: {&quot;error&quot;:&quot;not_found&quot;,&quot;reason&quot;:&quot;missing&quot;}
13:46:48.771 [pool-1-thread-1] INFO  c.i.karate.cucumber.CucumberRunner - &lt;&lt;&lt;&lt; feature 2 of 5 on thread pool-1-thread-1: com/karate/openwhisk/smoketests/TC03_SmokeTest_ApiManagement.feature
---------------------------------------------------------
feature: com.karate.openwhisk.smoketests.TC03_SmokeTest_ApiManagement
report: target/surefire-reports/TEST-com.karate.openwhisk.smoketests.TC03_SmokeTest_ApiManagement.xml
scenarios:  1 | failed:  1 | skipped:  0 | time: 1.29
---------------------------------------------------------
13:46:48.793 [pool-1-thread-1] INFO  com.intuit.karate - karate.env system property was: null 
13:46:48.812 [pool-1-thread-1] INFO  com.intuit.karate - [print] Start
13:46:48.813 [pool-1-thread-1] INFO  com.intuit.karate - &gt;&gt; lock acquired, begin callSingle: classpath:com/karate/openwhisk/wskadmin/get-user.feature
13:46:48.831 [pool-1-thread-1] INFO  com.intuit.karate - [print] I am here in get-user
13:46:48.839 [pool-1-thread-1] DEBUG com.intuit.karate - request:
1 &gt; GET https://3678a12b-fc64-4cef-ab97-d7b28c77fbe1-bluemix.cloudant.com:443/whisk_dev_subjects/bladerunner-test
1 &gt; Accept-Encoding: gzip,deflate
1 &gt; Authorization: Basic MzY3OGExMmItZmM2NC00Y2VmLWFiOTctZDdiMjhjNzdmYmUxLWJsdWVtaXg6MjMzMjc0NDk5Yjk5NmZiMzlhZTRlODNlMzMyOWZjMzVjYjVjMTk0MzU0ZjMwYzQ5YjE5NWU5N2Q0NjU1YzE3NQ==
1 &gt; Connection: Keep-Alive
1 &gt; Content-Type: application/json
1 &gt; Host: 3678a12b-fc64-4cef-ab97-d7b28c77fbe1-bluemix.cloudant.com:443
1 &gt; User-Agent: Apache-HttpClient/4.5.5 (Java/1.8.0_131)

13:46:49.942 [pool-1-thread-1] DEBUG com.intuit.karate - response time in milliseconds: 1102
1 &lt; 404
1 &lt; Cache-Control: must-revalidate
1 &lt; Content-Length: 41
1 &lt; Content-Type: application/json
1 &lt; Date: Mon, 27 Aug 2018 08:16:49 GMT
1 &lt; Server: CouchDB/2.1.1 (Erlang OTP/17)
1 &lt; Strict-Transport-Security: max-age=31536000
1 &lt; Via: 1.1 lb1.bm-cc-us-south-02 (Glum/1.63.0)
1 &lt; X-Cloudant-Backend: bm-cc-us-south-02
1 &lt; X-Cloudant-Request-Class: lookup
1 &lt; X-Content-Type-Options: nosniff
1 &lt; X-Couch-Request-ID: b58294c39c
1 &lt; X-Frame-Options: DENY
{&quot;error&quot;:&quot;not_found&quot;,&quot;reason&quot;:&quot;missing&quot;}


13:46:49.943 [pool-1-thread-1] ERROR com.intuit.karate - status code was: 404, expected: 200, response time: 1102, url: https://3678a12b-fc64-4cef-ab97-d7b28c77fbe1-bluemix.cloudant.com:443/whisk_dev_subjects/bladerunner-test, response: {&quot;error&quot;:&quot;not_found&quot;,&quot;reason&quot;:&quot;missing&quot;}
13:46:49.944 [pool-1-thread-1] ERROR com.intuit.karate - feature call failed: classpath:com/karate/openwhisk/wskadmin/get-user.feature
arg: null

status code was: 404, expected: 200, response time: 1102, url: https://3678a12b-fc64-4cef-ab97-d7b28c77fbe1-bluemix.cloudant.com:443/whisk_dev_subjects/bladerunner-test, response: {&quot;error&quot;:&quot;not_found&quot;,&quot;reason&quot;:&quot;missing&quot;}
13:46:49.945 [pool-1-thread-1] ERROR com.intuit.karate - feature call failed: classpath:com/karate/openwhisk/utils/get-auth.feature
arg: null

javascript evaluation failed: if (!test_user_key)
{
var getNSCreds = karate.callSingle(&apos;classpath:com/karate/openwhisk/wskadmin/get-user.feature&apos;);
var test=getNSCreds.Auth; 
karate.set(&apos;authFunction&apos;,  &apos;Basic &apos;+getNSCreds.Auth);
karate.set(&apos;guid&apos;, getNSCreds.uuid[0]);
}   
else
{
var getGUID = base64decoding(test_user_key); 
karate.set(&apos;authFunction&apos; , &apos;Basic &apos;+test_user_key);
karate.set(&apos;guid&apos; , getGUID);
karate.log(&apos;I am here&apos;);
karate.log(getGUID);
}, 

status code was: 404, expected: 200, response time: 1102, url: https://3678a12b-fc64-4cef-ab97-d7b28c77fbe1-bluemix.cloudant.com:443/whisk_dev_subjects/bladerunner-test, response: {&quot;error&quot;:&quot;not_found&quot;,&quot;reason&quot;:&quot;missing&quot;}
13:46:49.947 [pool-1-thread-1] INFO  c.i.karate.cucumber.CucumberRunner - &lt;&lt;&lt;&lt; feature 3 of 5 on thread pool-1-thread-1: com/karate/openwhisk/smoketests/TC04_SmokeTest_check-error-logs.feature
---------------------------------------------------------
feature: com.karate.openwhisk.smoketests.TC04_SmokeTest_check-error-logs
report: target/surefire-reports/TEST-com.karate.openwhisk.smoketests.TC04_SmokeTest_check-error-logs.xml
scenarios:  1 | failed:  1 | skipped:  0 | time: 1.16
---------------------------------------------------------
13:46:49.964 [pool-1-thread-1] INFO  com.intuit.karate - karate.env system property was: null 
13:46:49.988 [pool-1-thread-1] INFO  com.intuit.karate - [print] Start
13:46:49.990 [pool-1-thread-1] INFO  com.intuit.karate - &gt;&gt; lock acquired, begin callSingle: classpath:com/karate/openwhisk/wskadmin/get-user.feature
13:46:50.001 [pool-1-thread-1] INFO  com.intuit.karate - [print] I am here in get-user
13:46:50.005 [pool-1-thread-1] DEBUG com.intuit.karate - request:
1 &gt; GET https://3678a12b-fc64-4cef-ab97-d7b28c77fbe1-bluemix.cloudant.com:443/whisk_dev_subjects/bladerunner-test
1 &gt; Accept-Encoding: gzip,deflate
1 &gt; Authorization: Basic MzY3OGExMmItZmM2NC00Y2VmLWFiOTctZDdiMjhjNzdmYmUxLWJsdWVtaXg6MjMzMjc0NDk5Yjk5NmZiMzlhZTRlODNlMzMyOWZjMzVjYjVjMTk0MzU0ZjMwYzQ5YjE5NWU5N2Q0NjU1YzE3NQ==
1 &gt; Connection: Keep-Alive
1 &gt; Content-Type: application/json
1 &gt; Host: 3678a12b-fc64-4cef-ab97-d7b28c77fbe1-bluemix.cloudant.com:443
1 &gt; User-Agent: Apache-HttpClient/4.5.5 (Java/1.8.0_131)

13:46:51.028 [pool-1-thread-1] DEBUG com.intuit.karate - response time in milliseconds: 1022
1 &lt; 404
1 &lt; Cache-Control: must-revalidate
1 &lt; Content-Length: 41
1 &lt; Content-Type: application/json
1 &lt; Date: Mon, 27 Aug 2018 08:16:50 GMT
1 &lt; Server: CouchDB/2.1.1 (Erlang OTP/17)
1 &lt; Strict-Transport-Security: max-age=31536000
1 &lt; Via: 1.1 lb1.bm-cc-us-south-02 (Glum/1.63.0)
1 &lt; X-Cloudant-Backend: bm-cc-us-south-02
1 &lt; X-Cloudant-Request-Class: lookup
1 &lt; X-Content-Type-Options: nosniff
1 &lt; X-Couch-Request-ID: 4e4d65432a
1 &lt; X-Frame-Options: DENY
{&quot;error&quot;:&quot;not_found&quot;,&quot;reason&quot;:&quot;missing&quot;}


13:46:51.029 [pool-1-thread-1] ERROR com.intuit.karate - status code was: 404, expected: 200, response time: 1022, url: https://3678a12b-fc64-4cef-ab97-d7b28c77fbe1-bluemix.cloudant.com:443/whisk_dev_subjects/bladerunner-test, response: {&quot;error&quot;:&quot;not_found&quot;,&quot;reason&quot;:&quot;missing&quot;}
13:46:51.030 [pool-1-thread-1] ERROR com.intuit.karate - feature call failed: classpath:com/karate/openwhisk/wskadmin/get-user.feature
arg: null

status code was: 404, expected: 200, response time: 1022, url: https://3678a12b-fc64-4cef-ab97-d7b28c77fbe1-bluemix.cloudant.com:443/whisk_dev_subjects/bladerunner-test, response: {&quot;error&quot;:&quot;not_found&quot;,&quot;reason&quot;:&quot;missing&quot;}
13:46:51.032 [pool-1-thread-1] ERROR com.intuit.karate - feature call failed: classpath:com/karate/openwhisk/utils/get-auth.feature
arg: null

javascript evaluation failed: if (!test_user_key)
{
var getNSCreds = karate.callSingle(&apos;classpath:com/karate/openwhisk/wskadmin/get-user.feature&apos;);
var test=getNSCreds.Auth; 
karate.set(&apos;authFunction&apos;,  &apos;Basic &apos;+getNSCreds.Auth);
karate.set(&apos;guid&apos;, getNSCreds.uuid[0]);
}   
else
{
var getGUID = base64decoding(test_user_key); 
karate.set(&apos;authFunction&apos; , &apos;Basic &apos;+test_user_key);
karate.set(&apos;guid&apos; , getGUID);
karate.log(&apos;I am here&apos;);
karate.log(getGUID);
}, 

status code was: 404, expected: 200, response time: 1022, url: https://3678a12b-fc64-4cef-ab97-d7b28c77fbe1-bluemix.cloudant.com:443/whisk_dev_subjects/bladerunner-test, response: {&quot;error&quot;:&quot;not_found&quot;,&quot;reason&quot;:&quot;missing&quot;}
13:46:51.045 [pool-1-thread-1] INFO  com.intuit.karate - karate.env system property was: null 
13:46:51.065 [pool-1-thread-1] INFO  com.intuit.karate - [print] Start
13:46:51.067 [pool-1-thread-1] INFO  com.intuit.karate - &gt;&gt; lock acquired, begin callSingle: classpath:com/karate/openwhisk/wskadmin/get-user.feature
13:46:51.102 [pool-1-thread-1] INFO  com.intuit.karate - [print] I am here in get-user
13:46:51.107 [pool-1-thread-1] DEBUG com.intuit.karate - request:
1 &gt; GET https://3678a12b-fc64-4cef-ab97-d7b28c77fbe1-bluemix.cloudant.com:443/whisk_dev_subjects/bladerunner-test
1 &gt; Accept-Encoding: gzip,deflate
1 &gt; Authorization: Basic MzY3OGExMmItZmM2NC00Y2VmLWFiOTctZDdiMjhjNzdmYmUxLWJsdWVtaXg6MjMzMjc0NDk5Yjk5NmZiMzlhZTRlODNlMzMyOWZjMzVjYjVjMTk0MzU0ZjMwYzQ5YjE5NWU5N2Q0NjU1YzE3NQ==
1 &gt; Connection: Keep-Alive
1 &gt; Content-Type: application/json
1 &gt; Host: 3678a12b-fc64-4cef-ab97-d7b28c77fbe1-bluemix.cloudant.com:443
1 &gt; User-Agent: Apache-HttpClient/4.5.5 (Java/1.8.0_131)

13:46:53.186 [pool-1-thread-1] DEBUG com.intuit.karate - response time in milliseconds: 2078
1 &lt; 404
1 &lt; Cache-Control: must-revalidate
1 &lt; Content-Length: 41
1 &lt; Content-Type: application/json
1 &lt; Date: Mon, 27 Aug 2018 08:16:52 GMT
1 &lt; Server: CouchDB/2.1.1 (Erlang OTP/17)
1 &lt; Strict-Transport-Security: max-age=31536000
1 &lt; Via: 1.1 lb1.bm-cc-us-south-02 (Glum/1.63.0)
1 &lt; X-Cloudant-Backend: bm-cc-us-south-02
1 &lt; X-Cloudant-Request-Class: lookup
1 &lt; X-Content-Type-Options: nosniff
1 &lt; X-Couch-Request-ID: 0e23266567
1 &lt; X-Frame-Options: DENY
{&quot;error&quot;:&quot;not_found&quot;,&quot;reason&quot;:&quot;missing&quot;}


13:46:53.187 [pool-1-thread-1] ERROR com.intuit.karate - status code was: 404, expected: 200, response time: 2078, url: https://3678a12b-fc64-4cef-ab97-d7b28c77fbe1-bluemix.cloudant.com:443/whisk_dev_subjects/bladerunner-test, response: {&quot;error&quot;:&quot;not_found&quot;,&quot;reason&quot;:&quot;missing&quot;}
13:46:53.189 [pool-1-thread-1] ERROR com.intuit.karate - feature call failed: classpath:com/karate/openwhisk/wskadmin/get-user.feature
arg: null

status code was: 404, expected: 200, response time: 2078, url: https://3678a12b-fc64-4cef-ab97-d7b28c77fbe1-bluemix.cloudant.com:443/whisk_dev_subjects/bladerunner-test, response: {&quot;error&quot;:&quot;not_found&quot;,&quot;reason&quot;:&quot;missing&quot;}
13:46:53.190 [pool-1-thread-1] ERROR com.intuit.karate - feature call failed: classpath:com/karate/openwhisk/utils/get-auth.feature
arg: null

javascript evaluation failed: if (!test_user_key)
{
var getNSCreds = karate.callSingle(&apos;classpath:com/karate/openwhisk/wskadmin/get-user.feature&apos;);
var test=getNSCreds.Auth; 
karate.set(&apos;authFunction&apos;,  &apos;Basic &apos;+getNSCreds.Auth);
karate.set(&apos;guid&apos;, getNSCreds.uuid[0]);
}   
else
{
var getGUID = base64decoding(test_user_key); 
karate.set(&apos;authFunction&apos; , &apos;Basic &apos;+test_user_key);
karate.set(&apos;guid&apos; , getGUID);
karate.log(&apos;I am here&apos;);
karate.log(getGUID);
}, 

status code was: 404, expected: 200, response time: 2078, url: https://3678a12b-fc64-4cef-ab97-d7b28c77fbe1-bluemix.cloudant.com:443/whisk_dev_subjects/bladerunner-test, response: {&quot;error&quot;:&quot;not_found&quot;,&quot;reason&quot;:&quot;missing&quot;}
13:46:53.192 [pool-1-thread-1] INFO  c.i.karate.cucumber.CucumberRunner - &lt;&lt;&lt;&lt; feature 4 of 5 on thread pool-1-thread-1: com/karate/openwhisk/smoketests/TC05_SmokeTest_Trigger.feature
---------------------------------------------------------
feature: com.karate.openwhisk.smoketests.TC05_SmokeTest_Trigger
report: target/surefire-reports/TEST-com.karate.openwhisk.smoketests.TC05_SmokeTest_Trigger.xml
scenarios:  2 | failed:  2 | skipped:  0 | time: 3.23
---------------------------------------------------------
13:46:53.206 [pool-1-thread-1] INFO  com.intuit.karate - karate.env system property was: null 
13:46:53.229 [pool-1-thread-1] INFO  com.intuit.karate - [print] Start
13:46:53.231 [pool-1-thread-1] INFO  com.intuit.karate - &gt;&gt; lock acquired, begin callSingle: classpath:com/karate/openwhisk/wskadmin/get-user.feature
13:46:53.244 [pool-1-thread-1] INFO  com.intuit.karate - [print] I am here in get-user
13:46:53.249 [pool-1-thread-1] DEBUG com.intuit.karate - request:
1 &gt; GET https://3678a12b-fc64-4cef-ab97-d7b28c77fbe1-bluemix.cloudant.com:443/whisk_dev_subjects/bladerunner-test
1 &gt; Accept-Encoding: gzip,deflate
1 &gt; Authorization: Basic MzY3OGExMmItZmM2NC00Y2VmLWFiOTctZDdiMjhjNzdmYmUxLWJsdWVtaXg6MjMzMjc0NDk5Yjk5NmZiMzlhZTRlODNlMzMyOWZjMzVjYjVjMTk0MzU0ZjMwYzQ5YjE5NWU5N2Q0NjU1YzE3NQ==
1 &gt; Connection: Keep-Alive
1 &gt; Content-Type: application/json
1 &gt; Host: 3678a12b-fc64-4cef-ab97-d7b28c77fbe1-bluemix.cloudant.com:443
1 &gt; User-Agent: Apache-HttpClient/4.5.5 (Java/1.8.0_131)

13:46:54.741 [pool-1-thread-1] DEBUG com.intuit.karate - response time in milliseconds: 1491
1 &lt; 404
1 &lt; Cache-Control: must-revalidate
1 &lt; Content-Length: 41
1 &lt; Content-Type: application/json
1 &lt; Date: Mon, 27 Aug 2018 08:16:53 GMT
1 &lt; Server: CouchDB/2.1.1 (Erlang OTP/17)
1 &lt; Strict-Transport-Security: max-age=31536000
1 &lt; Via: 1.1 lb1.bm-cc-us-south-02 (Glum/1.63.0)
1 &lt; X-Cloudant-Backend: bm-cc-us-south-02
1 &lt; X-Cloudant-Request-Class: lookup
1 &lt; X-Content-Type-Options: nosniff
1 &lt; X-Couch-Request-ID: 2c86e8e849
1 &lt; X-Frame-Options: DENY
{&quot;error&quot;:&quot;not_found&quot;,&quot;reason&quot;:&quot;missing&quot;}


13:46:54.748 [pool-1-thread-1] ERROR com.intuit.karate - status code was: 404, expected: 200, response time: 1491, url: https://3678a12b-fc64-4cef-ab97-d7b28c77fbe1-bluemix.cloudant.com:443/whisk_dev_subjects/bladerunner-test, response: {&quot;error&quot;:&quot;not_found&quot;,&quot;reason&quot;:&quot;missing&quot;}
13:46:54.749 [pool-1-thread-1] ERROR com.intuit.karate - feature call failed: classpath:com/karate/openwhisk/wskadmin/get-user.feature
arg: null

status code was: 404, expected: 200, response time: 1491, url: https://3678a12b-fc64-4cef-ab97-d7b28c77fbe1-bluemix.cloudant.com:443/whisk_dev_subjects/bladerunner-test, response: {&quot;error&quot;:&quot;not_found&quot;,&quot;reason&quot;:&quot;missing&quot;}
13:46:54.750 [pool-1-thread-1] ERROR com.intuit.karate - feature call failed: classpath:com/karate/openwhisk/utils/get-auth.feature
arg: null

javascript evaluation failed: if (!test_user_key)
{
var getNSCreds = karate.callSingle(&apos;classpath:com/karate/openwhisk/wskadmin/get-user.feature&apos;);
var test=getNSCreds.Auth; 
karate.set(&apos;authFunction&apos;,  &apos;Basic &apos;+getNSCreds.Auth);
karate.set(&apos;guid&apos;, getNSCreds.uuid[0]);
}   
else
{
var getGUID = base64decoding(test_user_key); 
karate.set(&apos;authFunction&apos; , &apos;Basic &apos;+test_user_key);
karate.set(&apos;guid&apos; , getGUID);
karate.log(&apos;I am here&apos;);
karate.log(getGUID);
}, 

status code was: 404, expected: 200, response time: 1491, url: https://3678a12b-fc64-4cef-ab97-d7b28c77fbe1-bluemix.cloudant.com:443/whisk_dev_subjects/bladerunner-test, response: {&quot;error&quot;:&quot;not_found&quot;,&quot;reason&quot;:&quot;missing&quot;}
13:46:54.757 [pool-1-thread-1] INFO  com.intuit.karate - karate.env system property was: null 
13:46:54.770 [pool-1-thread-1] INFO  com.intuit.karate - [print] Start
13:46:54.784 [pool-1-thread-1] INFO  com.intuit.karate - &gt;&gt; lock acquired, begin callSingle: classpath:com/karate/openwhisk/wskadmin/get-user.feature
13:46:54.801 [pool-1-thread-1] INFO  com.intuit.karate - [print] I am here in get-user
13:46:54.807 [pool-1-thread-1] DEBUG com.intuit.karate - request:
1 &gt; GET https://3678a12b-fc64-4cef-ab97-d7b28c77fbe1-bluemix.cloudant.com:443/whisk_dev_subjects/bladerunner-test
1 &gt; Accept-Encoding: gzip,deflate
1 &gt; Authorization: Basic MzY3OGExMmItZmM2NC00Y2VmLWFiOTctZDdiMjhjNzdmYmUxLWJsdWVtaXg6MjMzMjc0NDk5Yjk5NmZiMzlhZTRlODNlMzMyOWZjMzVjYjVjMTk0MzU0ZjMwYzQ5YjE5NWU5N2Q0NjU1YzE3NQ==
1 &gt; Connection: Keep-Alive
1 &gt; Content-Type: application/json
1 &gt; Host: 3678a12b-fc64-4cef-ab97-d7b28c77fbe1-bluemix.cloudant.com:443
1 &gt; User-Agent: Apache-HttpClient/4.5.5 (Java/1.8.0_131)

13:46:55.869 [pool-1-thread-1] DEBUG com.intuit.karate - response time in milliseconds: 1061
1 &lt; 404
1 &lt; Cache-Control: must-revalidate
1 &lt; Content-Length: 41
1 &lt; Content-Type: application/json
1 &lt; Date: Mon, 27 Aug 2018 08:16:54 GMT
1 &lt; Server: CouchDB/2.1.1 (Erlang OTP/17)
1 &lt; Strict-Transport-Security: max-age=31536000
1 &lt; Via: 1.1 lb1.bm-cc-us-south-02 (Glum/1.63.0)
1 &lt; X-Cloudant-Backend: bm-cc-us-south-02
1 &lt; X-Cloudant-Request-Class: lookup
1 &lt; X-Content-Type-Options: nosniff
1 &lt; X-Couch-Request-ID: 3a38dfaa48
1 &lt; X-Frame-Options: DENY
{&quot;error&quot;:&quot;not_found&quot;,&quot;reason&quot;:&quot;missing&quot;}


13:46:55.870 [pool-1-thread-1] ERROR com.intuit.karate - status code was: 404, expected: 200, response time: 1061, url: https://3678a12b-fc64-4cef-ab97-d7b28c77fbe1-bluemix.cloudant.com:443/whisk_dev_subjects/bladerunner-test, response: {&quot;error&quot;:&quot;not_found&quot;,&quot;reason&quot;:&quot;missing&quot;}
13:46:55.876 [pool-1-thread-1] ERROR com.intuit.karate - feature call failed: classpath:com/karate/openwhisk/wskadmin/get-user.feature
arg: null

status code was: 404, expected: 200, response time: 1061, url: https://3678a12b-fc64-4cef-ab97-d7b28c77fbe1-bluemix.cloudant.com:443/whisk_dev_subjects/bladerunner-test, response: {&quot;error&quot;:&quot;not_found&quot;,&quot;reason&quot;:&quot;missing&quot;}
13:46:55.878 [pool-1-thread-1] ERROR com.intuit.karate - feature call failed: classpath:com/karate/openwhisk/utils/get-auth.feature
arg: null

javascript evaluation failed: if (!test_user_key)
{
var getNSCreds = karate.callSingle(&apos;classpath:com/karate/openwhisk/wskadmin/get-user.feature&apos;);
var test=getNSCreds.Auth; 
karate.set(&apos;authFunction&apos;,  &apos;Basic &apos;+getNSCreds.Auth);
karate.set(&apos;guid&apos;, getNSCreds.uuid[0]);
}   
else
{
var getGUID = base64decoding(test_user_key); 
karate.set(&apos;authFunction&apos; , &apos;Basic &apos;+test_user_key);
karate.set(&apos;guid&apos; , getGUID);
karate.log(&apos;I am here&apos;);
karate.log(getGUID);
}, 

status code was: 404, expected: 200, response time: 1061, url: https://3678a12b-fc64-4cef-ab97-d7b28c77fbe1-bluemix.cloudant.com:443/whisk_dev_subjects/bladerunner-test, response: {&quot;error&quot;:&quot;not_found&quot;,&quot;reason&quot;:&quot;missing&quot;}
13:46:55.879 [pool-1-thread-1] INFO  c.i.karate.cucumber.CucumberRunner - &lt;&lt;&lt;&lt; feature 5 of 5 on thread pool-1-thread-1: com/karate/openwhisk/smoketests/TC06_SmokeTest_Rule.feature
---------------------------------------------------------
feature: com.karate.openwhisk.smoketests.TC06_SmokeTest_Rule
report: target/surefire-reports/TEST-com.karate.openwhisk.smoketests.TC06_SmokeTest_Rule.xml
scenarios:  2 | failed:  2 | skipped:  0 | time: 2.67
---------------------------------------------------------
Karate version: 0.8.0.1
====================================================
elapsed time: 11.30 | total thread time: 10.79
features:     5 | threads:   1 | efficiency: 0.95
scenarios:    7 | failed:    7 | skipped:    0
====================================================
failed features:
com.karate.openwhisk.smoketests.TC01_SmokeTest_WSKFunctions: [com.intuit.karate.exception.KarateException: 

javascript evaluation failed: if (!test_user_key)
{
var getNSCreds = karate.callSingle(&apos;classpath:com/karate/openwhisk/wskadmin/get-user.feature&apos;);
var test=getNSCreds.Auth; 
karate.set(&apos;authFunction&apos;,  &apos;Basic &apos;+getNSCreds.Auth);
karate.set(&apos;guid&apos;, getNSCreds.uuid[0]);
}   
else
{
var getGUID = base64decoding(test_user_key); 
karate.set(&apos;authFunction&apos; , &apos;Basic &apos;+test_user_key);
karate.set(&apos;guid&apos; , getGUID);
karate.log(&apos;I am here&apos;);
karate.log(getGUID);
}, 

status code was: 404, expected: 200, response time: 1217, url: https://3678a12b-fc64-4cef-ab97-d7b28c77fbe1-bluemix.cloudant.com:443/whisk_dev_subjects/bladerunner-test, response: {&quot;error&quot;:&quot;not_found&quot;,&quot;reason&quot;:&quot;missing&quot;}
	at com.intuit.karate.Script.evalFeatureCall(Script.java:1667)
	at com.intuit.karate.Script.call(Script.java:1599)
	at com.intuit.karate.Script.callWithCache(Script.java:183)
	at com.intuit.karate.Script.evalKarateExpression(Script.java:227)
	at com.intuit.karate.Script.evalKarateExpression(Script.java:171)
	at com.intuit.karate.Script.assign(Script.java:601)
	at com.intuit.karate.Script.assign(Script.java:527)
	at com.intuit.karate.StepDefs.def(StepDefs.java:309)
	at ✽.* def getAuth = callonce read(&apos;classpath:com/karate/openwhisk/utils/get-auth.feature&apos;)(/Users/rtripath/repo/OPENWHISK-KARATE/ow-karate/target/test-classes/com/karate/openwhisk/smoketests/TC01_SmokeTest_WSKFunctions.feature:28)
]
com.karate.openwhisk.smoketests.TC03_SmokeTest_ApiManagement: [com.intuit.karate.exception.KarateException: 

javascript evaluation failed: if (!test_user_key)
{
var getNSCreds = karate.callSingle(&apos;classpath:com/karate/openwhisk/wskadmin/get-user.feature&apos;);
var test=getNSCreds.Auth; 
karate.set(&apos;authFunction&apos;,  &apos;Basic &apos;+getNSCreds.Auth);
karate.set(&apos;guid&apos;, getNSCreds.uuid[0]);
}   
else
{
var getGUID = base64decoding(test_user_key); 
karate.set(&apos;authFunction&apos; , &apos;Basic &apos;+test_user_key);
karate.set(&apos;guid&apos; , getGUID);
karate.log(&apos;I am here&apos;);
karate.log(getGUID);
}, 

status code was: 404, expected: 200, response time: 1161, url: https://3678a12b-fc64-4cef-ab97-d7b28c77fbe1-bluemix.cloudant.com:443/whisk_dev_subjects/bladerunner-test, response: {&quot;error&quot;:&quot;not_found&quot;,&quot;reason&quot;:&quot;missing&quot;}
	at com.intuit.karate.Script.evalFeatureCall(Script.java:1667)
	at com.intuit.karate.Script.call(Script.java:1599)
	at com.intuit.karate.Script.callWithCache(Script.java:183)
	at com.intuit.karate.Script.evalKarateExpression(Script.java:227)
	at com.intuit.karate.Script.evalKarateExpression(Script.java:171)
	at com.intuit.karate.Script.assign(Script.java:601)
	at com.intuit.karate.Script.assign(Script.java:527)
	at com.intuit.karate.StepDefs.def(StepDefs.java:309)
	at ✽.* def getAuth = callonce read(&apos;classpath:com/karate/openwhisk/utils/get-auth.feature&apos;)(/Users/rtripath/repo/OPENWHISK-KARATE/ow-karate/target/test-classes/com/karate/openwhisk/smoketests/TC03_SmokeTest_ApiManagement.feature:32)
]
com.karate.openwhisk.smoketests.TC04_SmokeTest_check-error-logs: [com.intuit.karate.exception.KarateException: 

javascript evaluation failed: if (!test_user_key)
{
var getNSCreds = karate.callSingle(&apos;classpath:com/karate/openwhisk/wskadmin/get-user.feature&apos;);
var test=getNSCreds.Auth; 
karate.set(&apos;authFunction&apos;,  &apos;Basic &apos;+getNSCreds.Auth);
karate.set(&apos;guid&apos;, getNSCreds.uuid[0]);
}   
else
{
var getGUID = base64decoding(test_user_key); 
karate.set(&apos;authFunction&apos; , &apos;Basic &apos;+test_user_key);
karate.set(&apos;guid&apos; , getGUID);
karate.log(&apos;I am here&apos;);
karate.log(getGUID);
}, 

status code was: 404, expected: 200, response time: 1102, url: https://3678a12b-fc64-4cef-ab97-d7b28c77fbe1-bluemix.cloudant.com:443/whisk_dev_subjects/bladerunner-test, response: {&quot;error&quot;:&quot;not_found&quot;,&quot;reason&quot;:&quot;missing&quot;}
	at com.intuit.karate.Script.evalFeatureCall(Script.java:1667)
	at com.intuit.karate.Script.call(Script.java:1599)
	at com.intuit.karate.Script.callWithCache(Script.java:183)
	at com.intuit.karate.Script.evalKarateExpression(Script.java:227)
	at com.intuit.karate.Script.evalKarateExpression(Script.java:171)
	at com.intuit.karate.Script.assign(Script.java:601)
	at com.intuit.karate.Script.assign(Script.java:527)
	at com.intuit.karate.StepDefs.def(StepDefs.java:309)
	at ✽.* def getAuth = callonce read(&apos;classpath:com/karate/openwhisk/utils/get-auth.feature&apos;)(/Users/rtripath/repo/OPENWHISK-KARATE/ow-karate/target/test-classes/com/karate/openwhisk/smoketests/TC04_SmokeTest_check-error-logs.feature:28)
]
com.karate.openwhisk.smoketests.TC05_SmokeTest_Trigger: [com.intuit.karate.exception.KarateException: 

javascript evaluation failed: if (!test_user_key)
{
var getNSCreds = karate.callSingle(&apos;classpath:com/karate/openwhisk/wskadmin/get-user.feature&apos;);
var test=getNSCreds.Auth; 
karate.set(&apos;authFunction&apos;,  &apos;Basic &apos;+getNSCreds.Auth);
karate.set(&apos;guid&apos;, getNSCreds.uuid[0]);
}   
else
{
var getGUID = base64decoding(test_user_key); 
karate.set(&apos;authFunction&apos; , &apos;Basic &apos;+test_user_key);
karate.set(&apos;guid&apos; , getGUID);
karate.log(&apos;I am here&apos;);
karate.log(getGUID);
}, 

status code was: 404, expected: 200, response time: 1022, url: https://3678a12b-fc64-4cef-ab97-d7b28c77fbe1-bluemix.cloudant.com:443/whisk_dev_subjects/bladerunner-test, response: {&quot;error&quot;:&quot;not_found&quot;,&quot;reason&quot;:&quot;missing&quot;}
	at com.intuit.karate.Script.evalFeatureCall(Script.java:1667)
	at com.intuit.karate.Script.call(Script.java:1599)
	at com.intuit.karate.Script.callWithCache(Script.java:183)
	at com.intuit.karate.Script.evalKarateExpression(Script.java:227)
	at com.intuit.karate.Script.evalKarateExpression(Script.java:171)
	at com.intuit.karate.Script.assign(Script.java:601)
	at com.intuit.karate.Script.assign(Script.java:527)
	at com.intuit.karate.StepDefs.def(StepDefs.java:309)
	at ✽.* def getAuth = callonce read(&apos;classpath:com/karate/openwhisk/utils/get-auth.feature&apos;)(/Users/rtripath/repo/OPENWHISK-KARATE/ow-karate/target/test-classes/com/karate/openwhisk/smoketests/TC05_SmokeTest_Trigger.feature:27)
, com.intuit.karate.exception.KarateException: 

javascript evaluation failed: if (!test_user_key)
{
var getNSCreds = karate.callSingle(&apos;classpath:com/karate/openwhisk/wskadmin/get-user.feature&apos;);
var test=getNSCreds.Auth; 
karate.set(&apos;authFunction&apos;,  &apos;Basic &apos;+getNSCreds.Auth);
karate.set(&apos;guid&apos;, getNSCreds.uuid[0]);
}   
else
{
var getGUID = base64decoding(test_user_key); 
karate.set(&apos;authFunction&apos; , &apos;Basic &apos;+test_user_key);
karate.set(&apos;guid&apos; , getGUID);
karate.log(&apos;I am here&apos;);
karate.log(getGUID);
}, 

status code was: 404, expected: 200, response time: 2078, url: https://3678a12b-fc64-4cef-ab97-d7b28c77fbe1-bluemix.cloudant.com:443/whisk_dev_subjects/bladerunner-test, response: {&quot;error&quot;:&quot;not_found&quot;,&quot;reason&quot;:&quot;missing&quot;}
	at com.intuit.karate.Script.evalFeatureCall(Script.java:1667)
	at com.intuit.karate.Script.call(Script.java:1599)
	at com.intuit.karate.Script.callWithCache(Script.java:183)
	at com.intuit.karate.Script.evalKarateExpression(Script.java:227)
	at com.intuit.karate.Script.evalKarateExpression(Script.java:171)
	at com.intuit.karate.Script.assign(Script.java:601)
	at com.intuit.karate.Script.assign(Script.java:527)
	at com.intuit.karate.StepDefs.def(StepDefs.java:309)
	at ✽.* def getAuth = callonce read(&apos;classpath:com/karate/openwhisk/utils/get-auth.feature&apos;)(/Users/rtripath/repo/OPENWHISK-KARATE/ow-karate/target/test-classes/com/karate/openwhisk/smoketests/TC05_SmokeTest_Trigger.feature:27)
]
com.karate.openwhisk.smoketests.TC06_SmokeTest_Rule: [com.intuit.karate.exception.KarateException: 

javascript evaluation failed: if (!test_user_key)
{
var getNSCreds = karate.callSingle(&apos;classpath:com/karate/openwhisk/wskadmin/get-user.feature&apos;);
var test=getNSCreds.Auth; 
karate.set(&apos;authFunction&apos;,  &apos;Basic &apos;+getNSCreds.Auth);
karate.set(&apos;guid&apos;, getNSCreds.uuid[0]);
}   
else
{
var getGUID = base64decoding(test_user_key); 
karate.set(&apos;authFunction&apos; , &apos;Basic &apos;+test_user_key);
karate.set(&apos;guid&apos; , getGUID);
karate.log(&apos;I am here&apos;);
karate.log(getGUID);
}, 

status code was: 404, expected: 200, response time: 1491, url: https://3678a12b-fc64-4cef-ab97-d7b28c77fbe1-bluemix.cloudant.com:443/whisk_dev_subjects/bladerunner-test, response: {&quot;error&quot;:&quot;not_found&quot;,&quot;reason&quot;:&quot;missing&quot;}
	at com.intuit.karate.Script.evalFeatureCall(Script.java:1667)
	at com.intuit.karate.Script.call(Script.java:1599)
	at com.intuit.karate.Script.callWithCache(Script.java:183)
	at com.intuit.karate.Script.evalKarateExpression(Script.java:227)
	at com.intuit.karate.Script.evalKarateExpression(Script.java:171)
	at com.intuit.karate.Script.assign(Script.java:601)
	at com.intuit.karate.Script.assign(Script.java:527)
	at com.intuit.karate.StepDefs.def(StepDefs.java:309)
	at ✽.* def getAuth = callonce read(&apos;classpath:com/karate/openwhisk/utils/get-auth.feature&apos;)(/Users/rtripath/repo/OPENWHISK-KARATE/ow-karate/target/test-classes/com/karate/openwhisk/smoketests/TC06_SmokeTest_Rule.feature:27)
, com.intuit.karate.exception.KarateException: 

javascript evaluation failed: if (!test_user_key)
{
var getNSCreds = karate.callSingle(&apos;classpath:com/karate/openwhisk/wskadmin/get-user.feature&apos;);
var test=getNSCreds.Auth; 
karate.set(&apos;authFunction&apos;,  &apos;Basic &apos;+getNSCreds.Auth);
karate.set(&apos;guid&apos;, getNSCreds.uuid[0]);
}   
else
{
var getGUID = base64decoding(test_user_key); 
karate.set(&apos;authFunction&apos; , &apos;Basic &apos;+test_user_key);
karate.set(&apos;guid&apos; , getGUID);
karate.log(&apos;I am here&apos;);
karate.log(getGUID);
}, 

status code was: 404, expected: 200, response time: 1061, url: https://3678a12b-fc64-4cef-ab97-d7b28c77fbe1-bluemix.cloudant.com:443/whisk_dev_subjects/bladerunner-test, response: {&quot;error&quot;:&quot;not_found&quot;,&quot;reason&quot;:&quot;missing&quot;}
	at com.intuit.karate.Script.evalFeatureCall(Script.java:1667)
	at com.intuit.karate.Script.call(Script.java:1599)
	at com.intuit.karate.Script.callWithCache(Script.java:183)
	at com.intuit.karate.Script.evalKarateExpression(Script.java:227)
	at com.intuit.karate.Script.evalKarateExpression(Script.java:171)
	at com.intuit.karate.Script.assign(Script.java:601)
	at com.intuit.karate.Script.assign(Script.java:527)
	at com.intuit.karate.StepDefs.def(StepDefs.java:309)
	at ✽.* def getAuth = callonce read(&apos;classpath:com/karate/openwhisk/utils/get-auth.feature&apos;)(/Users/rtripath/repo/OPENWHISK-KARATE/ow-karate/target/test-classes/com/karate/openwhisk/smoketests/TC06_SmokeTest_Rule.feature:27)
]
</system-out>
  </testcase>
</testsuite>